<?xml version="1.0" encoding="UTF-8"?>
<!-- Generated by org.testng.reporters.JUnitReportReporter -->
<testsuite hostname="IN-LP-84" failures="0" tests="2" name="testCases.LoginTest" time="4.105" errors="0" timestamp="2024-09-25T17:23:20 IST" skipped="0">
  <testcase classname="testCases.LoginTest" name="Verify_Login_with_Valid_Username_and_Invalid_Password" time="1.422"/>
  <testcase classname="testCases.LoginTest" name="Verify_user_can_Login" time="2.683"/>
</testsuite> <!-- testCases.LoginTest -->
